<?xml version="1.0" encoding="UTF-8"?>
<!-- Generated by org.testng.reporters.JUnitReportReporter -->
<testsuite hostname="DESKTOP-3GP703F" failures="0" tests="1" name="TestngTutorialsnew.Tutorial6" time="17.664" errors="0" timestamp="2021-08-14T16:27:22 IST" skipped="0">
  <testcase classname="TestngTutorialsnew.Tutorial6" name="test" time="17.664"/>
  <system-out/>
</testsuite> <!-- TestngTutorialsnew.Tutorial6 -->
