<?xml version="1.0" encoding="UTF-8"?>
<!-- Generated by org.testng.reporters.JUnitReportReporter -->
<testsuite hostname="DESKTOP-3GP703F" failures="0" tests="4" name="POMEx.Tutorial2" time="0.009" errors="0" timestamp="2022-08-24T14:25:05 IST" skipped="0">
  <testcase classname="POMEx.Tutorial2" name="yak" time="0.006"/>
  <system-out/>
  <testcase classname="POMEx.Tutorial2" name="bat" time="0.001"/>
  <system-out/>
  <testcase classname="POMEx.Tutorial2" name="aaa" time="0.001"/>
  <system-out/>
  <testcase classname="POMEx.Tutorial2" name="cat" time="0.001"/>
  <system-out/>
</testsuite> <!-- POMEx.Tutorial2 -->
