<?xml version="1.0" encoding="UTF-8"?>
<!-- Generated by org.testng.reporters.JUnitReportReporter -->
<testsuite hostname="DESKTOP-3GP703F" failures="0" tests="4" name="TestngTutorialsnew.Tutorial2" time="0.020" errors="0" timestamp="2021-07-26T23:49:48 IST" skipped="0">
  <testcase classname="TestngTutorialsnew.Tutorial2" name="test1" time="0.013"/>
  <system-out/>
  <testcase classname="TestngTutorialsnew.Tutorial2" name="test2" time="0.003"/>
  <system-out/>
  <testcase classname="TestngTutorialsnew.Tutorial2" name="test3" time="0.002"/>
  <system-out/>
  <testcase classname="TestngTutorialsnew.Tutorial2" name="test4" time="0.002"/>
  <system-out/>
</testsuite> <!-- TestngTutorialsnew.Tutorial2 -->
