<?xml version="1.0" encoding="UTF-8"?>
<!-- Generated by org.testng.reporters.JUnitReportReporter -->
<testsuite hostname="DESKTOP-3GP703F" failures="0" tests="5" name="TestngTutorialsnew.Tutorial4" time="0.016" errors="0" timestamp="2021-08-14T14:44:53 IST" skipped="0">
  <testcase classname="TestngTutorialsnew.Tutorial4" name="sample" time="0.002"/>
  <system-out/>
  <testcase classname="TestngTutorialsnew.Tutorial4" name="sample" time="0.002"/>
  <system-out/>
  <testcase classname="TestngTutorialsnew.Tutorial4" name="sample" time="0.009"/>
  <system-out/>
  <testcase classname="TestngTutorialsnew.Tutorial4" name="sample" time="0.002"/>
  <system-out/>
  <testcase classname="TestngTutorialsnew.Tutorial4" name="sample" time="0.001"/>
  <system-out/>
</testsuite> <!-- TestngTutorialsnew.Tutorial4 -->
