<?xml version="1.0" encoding="UTF-8"?>
<!-- Generated by org.testng.reporters.JUnitReportReporter -->
<testsuite hostname="DESKTOP-3GP703F" failures="0" tests="1" name="TestngTutorialsnew.testingnew" time="9.363" errors="0" timestamp="2022-08-23T22:57:46 IST" skipped="0">
  <testcase classname="TestngTutorialsnew.testingnew" name="test" time="9.363"/>
  <system-out/>
</testsuite> <!-- TestngTutorialsnew.testingnew -->
