<?xml version="1.0" encoding="UTF-8"?>
<!-- Generated by org.testng.reporters.JUnitReportReporter -->
<testsuite hostname="DESKTOP-3GP703F" failures="0" tests="2" name="TestngTutorialsnew.Tutorial1" time="0.016" errors="0" timestamp="2021-07-26T00:02:07 IST" skipped="0">
  <testcase classname="TestngTutorialsnew.Tutorial1" name="unit" time="0.008"/>
  <system-out/>
  <testcase classname="TestngTutorialsnew.Tutorial1" name="sam" time="0.008"/>
  <system-out/>
</testsuite> <!-- TestngTutorialsnew.Tutorial1 -->
