<?xml version="1.0" encoding="UTF-8"?>
<!-- Generated by org.testng.reporters.JUnitReportReporter -->
<testsuite hostname="DESKTOP-3GP703F" failures="0" tests="2" name="testnew" time="0.013" errors="0" timestamp="2021-07-25T23:27:36 IST" skipped="0">
  <testcase classname="testnew" name="sam" time="0.011"/>
  <system-out/>
  <testcase classname="testnew" name="unit" time="0.002"/>
  <system-out/>
</testsuite> <!-- testnew -->
