<?xml version="1.0" encoding="UTF-8"?>
<!-- Generated by org.testng.reporters.JUnitReportReporter -->
<testsuite hostname="DESKTOP-3GP703F" failures="0" tests="1" name="Basics.Parameterex" time="30.236" errors="0" timestamp="2021-08-14T16:13:18 IST" skipped="0">
  <testcase classname="Basics.Parameterex" name="sample" time="30.236"/>
  <system-out/>
</testsuite> <!-- Basics.Parameterex -->
