<?xml version="1.0" encoding="UTF-8"?>
<!-- Generated by org.testng.reporters.JUnitReportReporter -->
<testsuite hostname="DESKTOP-3GP703F" failures="0" tests="1" name="testngbasics.Facebook" time="0.010" errors="0" timestamp="2022-08-27T20:19:05 IST" skipped="0">
  <testcase classname="testngbasics.Facebook" name="f" time="0.010"/>
  <system-out/>
</testsuite> <!-- testngbasics.Facebook -->
